sizeof(UINT)  = 4 (should be 4 or 8)
500000 trials and 64 bins with seed 1
1st random number 26ec56eb
2nd random number a2624520
3rd random number 6bad88f1
4th random number 4e3e2450
5th random number dcf2fc01
  0 7801
  1 7941
  2 7689
  3 7811
  4 7774
  5 7856
  6 7845
  7 7849
  8 7775
  9 7770
 10 7856
 11 7732
 12 7766
 13 7948
 14 7831
 15 7774
 16 7918
 17 7921
 18 7850
 19 7945
 20 7622
 21 7778
 22 7758
 23 7736
 24 7883
 25 7727
 26 7911
 27 7806
 28 7916
 29 7748
 30 7643
 31 7752
 32 7871
 33 7903
 34 7791
 35 7726
 36 7930
 37 7661
 38 7667
 39 7740
 40 7593
 41 7872
 42 7609
 43 7924
 44 7779
 45 7889
 46 7749
 47 7869
 48 7927
 49 7713
 50 7866
 51 7899
 52 7860
 53 7817
 54 7895
 55 7767
 56 7841
 57 7695
 58 7896
 59 7932
 60 7830
 61 7863
 62 7847
 63 7847
Chi-squared_63 66.198
Following should be roughly N(0,1): 0.326008
